{"/home/sashamarkov/dev/stellar-burgers/src/services/slices/constructorSlice.ts": {"path":"/home/sashamarkov/dev/stellar-burgers/src/services/slices/constructorSlice.ts","statementMap":{"0":{"start":{"line":1,"column":0},"end":{"line":1,"column":70}},"1":{"start":{"line":9,"column":13},"end":{"line":12,"column":2}},"2":{"start":{"line":14,"column":25},"end":{"line":59,"column":2}},"3":{"start":{"line":20,"column":8},"end":{"line":24,"column":9}},"4":{"start":{"line":21,"column":10},"end":{"line":21,"column":37}},"5":{"start":{"line":23,"column":10},"end":{"line":23,"column":49}},"6":{"start":{"line":26,"column":44},"end":{"line":31,"column":null}},"7":{"start":{"line":34,"column":6},"end":{"line":36,"column":8}},"8":{"start":{"line":35,"column":18},"end":{"line":35,"column":null}},"9":{"start":{"line":39,"column":20},"end":{"line":39,"column":34}},"10":{"start":{"line":40,"column":6},"end":{"line":44,"column":7}},"11":{"start":{"line":41,"column":21},"end":{"line":41,"column":45}},"12":{"start":{"line":42,"column":8},"end":{"line":42,"column":64}},"13":{"start":{"line":43,"column":8},"end":{"line":43,"column":44}},"14":{"start":{"line":47,"column":20},"end":{"line":47,"column":34}},"15":{"start":{"line":48,"column":6},"end":{"line":52,"column":7}},"16":{"start":{"line":49,"column":21},"end":{"line":49,"column":45}},"17":{"start":{"line":50,"column":8},"end":{"line":50,"column":64}},"18":{"start":{"line":51,"column":8},"end":{"line":51,"column":44}},"19":{"start":{"line":55,"column":6},"end":{"line":55,"column":23}},"20":{"start":{"line":56,"column":6},"end":{"line":56,"column":29}},"21":{"start":{"line":62,"column":2},"end":{"line":66,"column":null}},"22":{"start":{"line":69,"column":0},"end":{"line":69,"column":40}}},"fnMap":{"0":{"name":"(anonymous_2)","decl":{"start":{"line":19,"column":15},"end":{"line":19,"column":16}},"loc":{"start":{"line":19,"column":68},"end":{"line":25,"column":7}}},"1":{"name":"(anonymous_3)","decl":{"start":{"line":26,"column":15},"end":{"line":26,"column":16}},"loc":{"start":{"line":26,"column":39},"end":{"line":26,"column":45}}},"2":{"name":"(anonymous_4)","decl":{"start":{"line":33,"column":22},"end":{"line":33,"column":23}},"loc":{"start":{"line":33,"column":59},"end":{"line":37,"column":5}}},"3":{"name":"(anonymous_5)","decl":{"start":{"line":35,"column":8},"end":{"line":35,"column":9}},"loc":{"start":{"line":35,"column":13},"end":{"line":35,"column":22}}},"4":{"name":"(anonymous_6)","decl":{"start":{"line":38,"column":22},"end":{"line":38,"column":23}},"loc":{"start":{"line":38,"column":59},"end":{"line":45,"column":5}}},"5":{"name":"(anonymous_7)","decl":{"start":{"line":46,"column":24},"end":{"line":46,"column":25}},"loc":{"start":{"line":46,"column":61},"end":{"line":53,"column":5}}},"6":{"name":"(anonymous_8)","decl":{"start":{"line":54,"column":22},"end":{"line":54,"column":23}},"loc":{"start":{"line":54,"column":28},"end":{"line":57,"column":5}}}},"branchMap":{"0":{"loc":{"start":{"line":20,"column":8},"end":{"line":24,"column":9}},"type":"if","locations":[{"start":{"line":20,"column":8},"end":{"line":24,"column":9}},{"start":{"line":22,"column":15},"end":{"line":24,"column":9}}]},"1":{"loc":{"start":{"line":40,"column":6},"end":{"line":44,"column":7}},"type":"if","locations":[{"start":{"line":40,"column":6},"end":{"line":44,"column":7}}]},"2":{"loc":{"start":{"line":48,"column":6},"end":{"line":52,"column":7}},"type":"if","locations":[{"start":{"line":48,"column":6},"end":{"line":52,"column":7}}]}},"s":{"0":1,"1":1,"2":1,"3":32,"4":4,"5":28,"6":32,"7":2,"8":4,"9":3,"10":3,"11":1,"12":1,"13":1,"14":3,"15":3,"16":1,"17":1,"18":1,"19":1,"20":1,"21":1,"22":1},"f":{"0":32,"1":32,"2":2,"3":4,"4":3,"5":3,"6":1},"b":{"0":[4,28],"1":[1],"2":[1]}}
,"/home/sashamarkov/dev/stellar-burgers/src/services/slices/feedSlice.ts": {"path":"/home/sashamarkov/dev/stellar-burgers/src/services/slices/feedSlice.ts","statementMap":{"0":{"start":{"line":1,"column":0},"end":{"line":1,"column":65}},"1":{"start":{"line":2,"column":0},"end":{"line":2,"column":53}},"2":{"start":{"line":13,"column":13},"end":{"line":19,"column":2}},"3":{"start":{"line":21,"column":13},"end":{"line":29,"column":2}},"4":{"start":{"line":23,"column":2},"end":{"line":28,"column":null}},"5":{"start":{"line":24,"column":4},"end":{"line":24,"column":37}},"6":{"start":{"line":25,"column":21},"end":{"line":25,"column":null}},"7":{"start":{"line":25,"column":10},"end":{"line":25,"column":null}},"8":{"start":{"line":26,"column":4},"end":{"line":26,"column":45}},"9":{"start":{"line":27,"column":4},"end":{"line":27,"column":20}},"10":{"start":{"line":31,"column":18},"end":{"line":53,"column":2}},"11":{"start":{"line":36,"column":4},"end":{"line":51,"column":9}},"12":{"start":{"line":38,"column":8},"end":{"line":38,"column":29}},"13":{"start":{"line":39,"column":8},"end":{"line":39,"column":27}},"14":{"start":{"line":42,"column":8},"end":{"line":42,"column":30}},"15":{"start":{"line":43,"column":8},"end":{"line":43,"column":45}},"16":{"start":{"line":44,"column":8},"end":{"line":44,"column":43}},"17":{"start":{"line":45,"column":8},"end":{"line":45,"column":53}},"18":{"start":{"line":46,"column":8},"end":{"line":46,"column":27}},"19":{"start":{"line":49,"column":8},"end":{"line":49,"column":30}},"20":{"start":{"line":50,"column":8},"end":{"line":50,"column":78}},"21":{"start":{"line":55,"column":0},"end":{"line":55,"column":33}}},"fnMap":{"0":{"name":"(anonymous_13)","decl":{"start":{"line":23,"column":2},"end":{"line":23,"column":null}},"loc":{"start":{"line":23,"column":2},"end":{"line":28,"column":null}}},"1":{"name":"(anonymous_16)","decl":{"start":{"line":35,"column":17},"end":{"line":35,"column":18}},"loc":{"start":{"line":35,"column":25},"end":{"line":52,"column":3}}},"2":{"name":"(anonymous_17)","decl":{"start":{"line":37,"column":35},"end":{"line":37,"column":36}},"loc":{"start":{"line":37,"column":41},"end":{"line":40,"column":7}}},"3":{"name":"(anonymous_18)","decl":{"start":{"line":41,"column":37},"end":{"line":41,"column":38}},"loc":{"start":{"line":41,"column":51},"end":{"line":47,"column":7}}},"4":{"name":"(anonymous_19)","decl":{"start":{"line":48,"column":36},"end":{"line":48,"column":37}},"loc":{"start":{"line":48,"column":50},"end":{"line":51,"column":7}}}},"branchMap":{"0":{"loc":{"start":{"line":50,"column":22},"end":{"line":50,"column":77}},"type":"binary-expr","locations":[{"start":{"line":50,"column":22},"end":{"line":50,"column":42}},{"start":{"line":50,"column":46},"end":{"line":50,"column":77}}]}},"s":{"0":1,"1":1,"2":1,"3":1,"4":0,"5":0,"6":0,"7":0,"8":0,"9":0,"10":1,"11":1,"12":5,"13":5,"14":6,"15":6,"16":6,"17":6,"18":6,"19":4,"20":4,"21":1},"f":{"0":0,"1":1,"2":5,"3":6,"4":4},"b":{"0":[4,1]}}
,"/home/sashamarkov/dev/stellar-burgers/src/services/slices/ingredientsSlice.ts": {"path":"/home/sashamarkov/dev/stellar-burgers/src/services/slices/ingredientsSlice.ts","statementMap":{"0":{"start":{"line":1,"column":0},"end":{"line":1,"column":80}},"1":{"start":{"line":2,"column":0},"end":{"line":2,"column":59}},"2":{"start":{"line":12,"column":13},"end":{"line":16,"column":2}},"3":{"start":{"line":18,"column":13},"end":{"line":32,"column":2}},"4":{"start":{"line":20,"column":2},"end":{"line":23,"column":null}},"5":{"start":{"line":21,"column":17},"end":{"line":21,"column":null}},"6":{"start":{"line":21,"column":10},"end":{"line":21,"column":null}},"7":{"start":{"line":22,"column":4},"end":{"line":22,"column":16}},"8":{"start":{"line":25,"column":29},"end":{"line":25,"column":31}},"9":{"start":{"line":26,"column":20},"end":{"line":26,"column":43}},"10":{"start":{"line":27,"column":6},"end":{"line":29,"column":7}},"11":{"start":{"line":28,"column":8},"end":{"line":28,"column":21}},"12":{"start":{"line":33,"column":25},"end":{"line":56,"column":2}},"13":{"start":{"line":38,"column":4},"end":{"line":54,"column":9}},"14":{"start":{"line":40,"column":8},"end":{"line":40,"column":29}},"15":{"start":{"line":41,"column":8},"end":{"line":41,"column":27}},"16":{"start":{"line":46,"column":10},"end":{"line":46,"column":32}},"17":{"start":{"line":47,"column":10},"end":{"line":47,"column":45}},"18":{"start":{"line":48,"column":10},"end":{"line":48,"column":29}},"19":{"start":{"line":52,"column":8},"end":{"line":52,"column":30}},"20":{"start":{"line":53,"column":8},"end":{"line":53,"column":77}},"21":{"start":{"line":58,"column":0},"end":{"line":58,"column":40}}},"fnMap":{"0":{"name":"(anonymous_13)","decl":{"start":{"line":20,"column":2},"end":{"line":20,"column":null}},"loc":{"start":{"line":20,"column":2},"end":{"line":23,"column":null}}},"1":{"name":"(anonymous_16)","decl":{"start":{"line":25,"column":15},"end":{"line":25,"column":16}},"loc":{"start":{"line":25,"column":31},"end":{"line":30,"column":5}}},"2":{"name":"(anonymous_17)","decl":{"start":{"line":37,"column":17},"end":{"line":37,"column":18}},"loc":{"start":{"line":37,"column":25},"end":{"line":55,"column":3}}},"3":{"name":"(anonymous_18)","decl":{"start":{"line":39,"column":41},"end":{"line":39,"column":42}},"loc":{"start":{"line":39,"column":47},"end":{"line":42,"column":7}}},"4":{"name":"(anonymous_19)","decl":{"start":{"line":45,"column":8},"end":{"line":45,"column":9}},"loc":{"start":{"line":45,"column":52},"end":{"line":49,"column":9}}},"5":{"name":"(anonymous_20)","decl":{"start":{"line":51,"column":42},"end":{"line":51,"column":43}},"loc":{"start":{"line":51,"column":56},"end":{"line":54,"column":7}}}},"branchMap":{"0":{"loc":{"start":{"line":21,"column":17},"end":{"line":21,"column":null}},"type":"switch","locations":[{"start":{"line":21,"column":17},"end":{"line":21,"column":null}}]},"1":{"loc":{"start":{"line":27,"column":6},"end":{"line":29,"column":7}},"type":"if","locations":[{"start":{"line":27,"column":6},"end":{"line":29,"column":7}}]},"2":{"loc":{"start":{"line":53,"column":22},"end":{"line":53,"column":76}},"type":"binary-expr","locations":[{"start":{"line":53,"column":22},"end":{"line":53,"column":42}},{"start":{"line":53,"column":46},"end":{"line":53,"column":76}}]}},"s":{"0":1,"1":1,"2":1,"3":1,"4":2,"5":2,"6":2,"7":2,"8":3,"9":3,"10":3,"11":1,"12":1,"13":1,"14":5,"15":5,"16":5,"17":5,"18":5,"19":3,"20":3,"21":1},"f":{"0":4,"1":3,"2":1,"3":5,"4":5,"5":3},"b":{"0":[2],"1":[1],"2":[3,1]}}
,"/home/sashamarkov/dev/stellar-burgers/src/services/slices/orderByNumberSlice.ts": {"path":"/home/sashamarkov/dev/stellar-burgers/src/services/slices/orderByNumberSlice.ts","statementMap":{"0":{"start":{"line":1,"column":0},"end":{"line":1,"column":65}},"1":{"start":{"line":2,"column":0},"end":{"line":2,"column":61}},"2":{"start":{"line":11,"column":13},"end":{"line":15,"column":2}},"3":{"start":{"line":17,"column":13},"end":{"line":23,"column":2}},"4":{"start":{"line":19,"column":15},"end":{"line":22,"column":null}},"5":{"start":{"line":20,"column":21},"end":{"line":20,"column":null}},"6":{"start":{"line":20,"column":10},"end":{"line":20,"column":null}},"7":{"start":{"line":21,"column":4},"end":{"line":21,"column":30}},"8":{"start":{"line":25,"column":27},"end":{"line":50,"column":2}},"9":{"start":{"line":30,"column":6},"end":{"line":30,"column":25}},"10":{"start":{"line":31,"column":6},"end":{"line":31,"column":25}},"11":{"start":{"line":35,"column":4},"end":{"line":48,"column":9}},"12":{"start":{"line":37,"column":8},"end":{"line":37,"column":29}},"13":{"start":{"line":38,"column":8},"end":{"line":38,"column":27}},"14":{"start":{"line":41,"column":8},"end":{"line":41,"column":30}},"15":{"start":{"line":42,"column":8},"end":{"line":42,"column":37}},"16":{"start":{"line":43,"column":8},"end":{"line":43,"column":27}},"17":{"start":{"line":46,"column":8},"end":{"line":46,"column":30}},"18":{"start":{"line":47,"column":8},"end":{"line":47,"column":71}},"19":{"start":{"line":52,"column":15},"end":{"line":52,"column":57}},"20":{"start":{"line":53,"column":0},"end":{"line":53,"column":42}}},"fnMap":{"0":{"name":"(anonymous_13)","decl":{"start":{"line":19,"column":2},"end":{"line":19,"column":9}},"loc":{"start":{"line":19,"column":15},"end":{"line":22,"column":null}}},"1":{"name":"(anonymous_14)","decl":{"start":{"line":19,"column":15},"end":{"line":19,"column":null}},"loc":{"start":{"line":19,"column":15},"end":{"line":22,"column":null}}},"2":{"name":"(anonymous_16)","decl":{"start":{"line":29,"column":16},"end":{"line":29,"column":17}},"loc":{"start":{"line":29,"column":22},"end":{"line":32,"column":5}}},"3":{"name":"(anonymous_17)","decl":{"start":{"line":34,"column":17},"end":{"line":34,"column":18}},"loc":{"start":{"line":34,"column":25},"end":{"line":49,"column":3}}},"4":{"name":"(anonymous_18)","decl":{"start":{"line":36,"column":43},"end":{"line":36,"column":44}},"loc":{"start":{"line":36,"column":49},"end":{"line":39,"column":7}}},"5":{"name":"(anonymous_19)","decl":{"start":{"line":40,"column":45},"end":{"line":40,"column":46}},"loc":{"start":{"line":40,"column":59},"end":{"line":44,"column":7}}},"6":{"name":"(anonymous_20)","decl":{"start":{"line":45,"column":44},"end":{"line":45,"column":45}},"loc":{"start":{"line":45,"column":58},"end":{"line":48,"column":7}}}},"branchMap":{"0":{"loc":{"start":{"line":20,"column":21},"end":{"line":20,"column":null}},"type":"switch","locations":[{"start":{"line":20,"column":21},"end":{"line":20,"column":null}}]},"1":{"loc":{"start":{"line":47,"column":22},"end":{"line":47,"column":70}},"type":"binary-expr","locations":[{"start":{"line":47,"column":22},"end":{"line":47,"column":42}},{"start":{"line":47,"column":46},"end":{"line":47,"column":70}}]}},"s":{"0":1,"1":1,"2":1,"3":1,"4":4,"5":4,"6":4,"7":2,"8":1,"9":0,"10":0,"11":1,"12":5,"13":5,"14":6,"15":6,"16":6,"17":4,"18":4,"19":1,"20":1},"f":{"0":4,"1":4,"2":0,"3":1,"4":5,"5":6,"6":4},"b":{"0":[4],"1":[4,1]}}
,"/home/sashamarkov/dev/stellar-burgers/src/services/slices/orderSlice.ts": {"path":"/home/sashamarkov/dev/stellar-burgers/src/services/slices/orderSlice.ts","statementMap":{"0":{"start":{"line":1,"column":0},"end":{"line":1,"column":65}},"1":{"start":{"line":2,"column":0},"end":{"line":2,"column":38}},"2":{"start":{"line":11,"column":13},"end":{"line":15,"column":2}},"3":{"start":{"line":17,"column":13},"end":{"line":23,"column":2}},"4":{"start":{"line":19,"column":23},"end":{"line":22,"column":null}},"5":{"start":{"line":20,"column":21},"end":{"line":20,"column":null}},"6":{"start":{"line":20,"column":10},"end":{"line":20,"column":null}},"7":{"start":{"line":21,"column":4},"end":{"line":21,"column":26}},"8":{"start":{"line":25,"column":19},"end":{"line":50,"column":2}},"9":{"start":{"line":30,"column":6},"end":{"line":30,"column":34}},"10":{"start":{"line":31,"column":6},"end":{"line":31,"column":25}},"11":{"start":{"line":35,"column":4},"end":{"line":48,"column":9}},"12":{"start":{"line":37,"column":8},"end":{"line":37,"column":34}},"13":{"start":{"line":38,"column":8},"end":{"line":38,"column":27}},"14":{"start":{"line":41,"column":8},"end":{"line":41,"column":35}},"15":{"start":{"line":42,"column":8},"end":{"line":42,"column":46}},"16":{"start":{"line":43,"column":8},"end":{"line":43,"column":27}},"17":{"start":{"line":46,"column":8},"end":{"line":46,"column":35}},"18":{"start":{"line":47,"column":8},"end":{"line":47,"column":73}},"19":{"start":{"line":52,"column":15},"end":{"line":52,"column":49}},"20":{"start":{"line":53,"column":0},"end":{"line":53,"column":34}}},"fnMap":{"0":{"name":"(anonymous_13)","decl":{"start":{"line":19,"column":2},"end":{"line":19,"column":9}},"loc":{"start":{"line":19,"column":23},"end":{"line":22,"column":null}}},"1":{"name":"(anonymous_14)","decl":{"start":{"line":19,"column":23},"end":{"line":19,"column":null}},"loc":{"start":{"line":19,"column":23},"end":{"line":22,"column":null}}},"2":{"name":"(anonymous_16)","decl":{"start":{"line":29,"column":16},"end":{"line":29,"column":17}},"loc":{"start":{"line":29,"column":22},"end":{"line":32,"column":5}}},"3":{"name":"(anonymous_17)","decl":{"start":{"line":34,"column":17},"end":{"line":34,"column":18}},"loc":{"start":{"line":34,"column":25},"end":{"line":49,"column":3}}},"4":{"name":"(anonymous_18)","decl":{"start":{"line":36,"column":34},"end":{"line":36,"column":35}},"loc":{"start":{"line":36,"column":40},"end":{"line":39,"column":7}}},"5":{"name":"(anonymous_19)","decl":{"start":{"line":40,"column":36},"end":{"line":40,"column":37}},"loc":{"start":{"line":40,"column":50},"end":{"line":44,"column":7}}},"6":{"name":"(anonymous_20)","decl":{"start":{"line":45,"column":35},"end":{"line":45,"column":36}},"loc":{"start":{"line":45,"column":49},"end":{"line":48,"column":7}}}},"branchMap":{"0":{"loc":{"start":{"line":20,"column":21},"end":{"line":20,"column":null}},"type":"switch","locations":[{"start":{"line":20,"column":21},"end":{"line":20,"column":null}}]},"1":{"loc":{"start":{"line":47,"column":22},"end":{"line":47,"column":72}},"type":"binary-expr","locations":[{"start":{"line":47,"column":22},"end":{"line":47,"column":42}},{"start":{"line":47,"column":46},"end":{"line":47,"column":72}}]}},"s":{"0":1,"1":1,"2":1,"3":1,"4":4,"5":4,"6":4,"7":2,"8":1,"9":2,"10":2,"11":1,"12":5,"13":5,"14":6,"15":6,"16":6,"17":4,"18":4,"19":1,"20":1},"f":{"0":4,"1":4,"2":2,"3":1,"4":5,"5":6,"6":4},"b":{"0":[4],"1":[4,1]}}
,"/home/sashamarkov/dev/stellar-burgers/src/services/slices/ordersSlice.ts": {"path":"/home/sashamarkov/dev/stellar-burgers/src/services/slices/ordersSlice.ts","statementMap":{"0":{"start":{"line":1,"column":0},"end":{"line":1,"column":65}},"1":{"start":{"line":2,"column":0},"end":{"line":2,"column":54}},"2":{"start":{"line":11,"column":13},"end":{"line":15,"column":2}},"3":{"start":{"line":17,"column":13},"end":{"line":23,"column":2}},"4":{"start":{"line":19,"column":2},"end":{"line":22,"column":null}},"5":{"start":{"line":20,"column":21},"end":{"line":20,"column":null}},"6":{"start":{"line":20,"column":10},"end":{"line":20,"column":null}},"7":{"start":{"line":21,"column":4},"end":{"line":21,"column":20}},"8":{"start":{"line":25,"column":20},"end":{"line":49,"column":2}},"9":{"start":{"line":30,"column":6},"end":{"line":30,"column":24}},"10":{"start":{"line":34,"column":4},"end":{"line":47,"column":9}},"11":{"start":{"line":36,"column":8},"end":{"line":36,"column":29}},"12":{"start":{"line":37,"column":8},"end":{"line":37,"column":27}},"13":{"start":{"line":40,"column":8},"end":{"line":40,"column":30}},"14":{"start":{"line":41,"column":8},"end":{"line":41,"column":38}},"15":{"start":{"line":42,"column":8},"end":{"line":42,"column":27}},"16":{"start":{"line":45,"column":8},"end":{"line":45,"column":30}},"17":{"start":{"line":46,"column":8},"end":{"line":46,"column":72}},"18":{"start":{"line":51,"column":15},"end":{"line":51,"column":51}},"19":{"start":{"line":52,"column":0},"end":{"line":52,"column":35}}},"fnMap":{"0":{"name":"(anonymous_13)","decl":{"start":{"line":19,"column":2},"end":{"line":19,"column":null}},"loc":{"start":{"line":19,"column":2},"end":{"line":22,"column":null}}},"1":{"name":"(anonymous_16)","decl":{"start":{"line":29,"column":17},"end":{"line":29,"column":18}},"loc":{"start":{"line":29,"column":23},"end":{"line":31,"column":5}}},"2":{"name":"(anonymous_17)","decl":{"start":{"line":33,"column":17},"end":{"line":33,"column":18}},"loc":{"start":{"line":33,"column":25},"end":{"line":48,"column":3}}},"3":{"name":"(anonymous_18)","decl":{"start":{"line":35,"column":40},"end":{"line":35,"column":41}},"loc":{"start":{"line":35,"column":46},"end":{"line":38,"column":7}}},"4":{"name":"(anonymous_19)","decl":{"start":{"line":39,"column":42},"end":{"line":39,"column":43}},"loc":{"start":{"line":39,"column":56},"end":{"line":43,"column":7}}},"5":{"name":"(anonymous_20)","decl":{"start":{"line":44,"column":41},"end":{"line":44,"column":42}},"loc":{"start":{"line":44,"column":55},"end":{"line":47,"column":7}}}},"branchMap":{"0":{"loc":{"start":{"line":20,"column":21},"end":{"line":20,"column":null}},"type":"switch","locations":[{"start":{"line":20,"column":21},"end":{"line":20,"column":null}}]},"1":{"loc":{"start":{"line":46,"column":22},"end":{"line":46,"column":71}},"type":"binary-expr","locations":[{"start":{"line":46,"column":22},"end":{"line":46,"column":42}},{"start":{"line":46,"column":46},"end":{"line":46,"column":71}}]}},"s":{"0":1,"1":1,"2":1,"3":1,"4":3,"5":3,"6":3,"7":2,"8":1,"9":2,"10":1,"11":5,"12":5,"13":7,"14":7,"15":7,"16":4,"17":4,"18":1,"19":1},"f":{"0":6,"1":2,"2":1,"3":5,"4":7,"5":4},"b":{"0":[3],"1":[4,1]}}
,"/home/sashamarkov/dev/stellar-burgers/src/services/slices/userSlice.ts": {"path":"/home/sashamarkov/dev/stellar-burgers/src/services/slices/userSlice.ts","statementMap":{"0":{"start":{"line":1,"column":0},"end":{"line":1,"column":65}},"1":{"start":{"line":3,"column":0},"end":{"line":3,"column":null}},"2":{"start":{"line":14,"column":0},"end":{"line":14,"column":61}},"3":{"start":{"line":23,"column":13},"end":{"line":28,"column":2}},"4":{"start":{"line":30,"column":13},"end":{"line":38,"column":2}},"5":{"start":{"line":32,"column":28},"end":{"line":37,"column":null}},"6":{"start":{"line":33,"column":21},"end":{"line":33,"column":null}},"7":{"start":{"line":33,"column":10},"end":{"line":33,"column":null}},"8":{"start":{"line":34,"column":4},"end":{"line":34,"column":51}},"9":{"start":{"line":35,"column":4},"end":{"line":35,"column":64}},"10":{"start":{"line":36,"column":4},"end":{"line":36,"column":25}},"11":{"start":{"line":40,"column":13},"end":{"line":53,"column":2}},"12":{"start":{"line":42,"column":44},"end":{"line":42,"column":46}},"13":{"start":{"line":44,"column":23},"end":{"line":44,"column":null}},"14":{"start":{"line":44,"column":12},"end":{"line":44,"column":null}},"15":{"start":{"line":45,"column":6},"end":{"line":45,"column":53}},"16":{"start":{"line":46,"column":6},"end":{"line":46,"column":66}},"17":{"start":{"line":47,"column":6},"end":{"line":47,"column":27}},"18":{"start":{"line":49,"column":6},"end":{"line":49,"column":47}},"19":{"start":{"line":50,"column":6},"end":{"line":50,"column":36}},"20":{"start":{"line":55,"column":13},"end":{"line":59,"column":3}},"21":{"start":{"line":55,"column":54},"end":{"line":59,"column":2}},"22":{"start":{"line":56,"column":2},"end":{"line":56,"column":20}},"23":{"start":{"line":57,"column":2},"end":{"line":57,"column":30}},"24":{"start":{"line":58,"column":2},"end":{"line":58,"column":42}},"25":{"start":{"line":61,"column":13},"end":{"line":66,"column":2}},"26":{"start":{"line":63,"column":22},"end":{"line":65,"column":null}},"27":{"start":{"line":64,"column":4},"end":{"line":64,"column":39}},"28":{"start":{"line":68,"column":13},"end":{"line":73,"column":2}},"29":{"start":{"line":70,"column":19},"end":{"line":70,"column":21}},"30":{"start":{"line":70,"column":26},"end":{"line":70,"column":65}},"31":{"start":{"line":71,"column":4},"end":{"line":71,"column":48}},"32":{"start":{"line":75,"column":13},"end":{"line":78,"column":3}},"33":{"start":{"line":75,"column":56},"end":{"line":78,"column":2}},"34":{"start":{"line":76,"column":19},"end":{"line":76,"column":null}},"35":{"start":{"line":76,"column":8},"end":{"line":76,"column":null}},"36":{"start":{"line":77,"column":2},"end":{"line":77,"column":23}},"37":{"start":{"line":80,"column":13},"end":{"line":86,"column":2}},"38":{"start":{"line":82,"column":37},"end":{"line":85,"column":null}},"39":{"start":{"line":83,"column":21},"end":{"line":83,"column":null}},"40":{"start":{"line":83,"column":10},"end":{"line":83,"column":null}},"41":{"start":{"line":84,"column":4},"end":{"line":84,"column":25}},"42":{"start":{"line":88,"column":13},"end":{"line":101,"column":2}},"43":{"start":{"line":90,"column":22},"end":{"line":90,"column":24}},"44":{"start":{"line":91,"column":8},"end":{"line":91,"column":20}},"45":{"start":{"line":93,"column":8},"end":{"line":93,"column":43}},"46":{"start":{"line":95,"column":8},"end":{"line":95,"column":36}},"47":{"start":{"line":96,"column":8},"end":{"line":96,"column":48}},"48":{"start":{"line":99,"column":4},"end":{"line":99,"column":28}},"49":{"start":{"line":103,"column":18},"end":{"line":172,"column":2}},"50":{"start":{"line":108,"column":6},"end":{"line":108,"column":33}},"51":{"start":{"line":111,"column":6},"end":{"line":111,"column":25}},"52":{"start":{"line":115,"column":4},"end":{"line":170,"column":9}},"53":{"start":{"line":117,"column":8},"end":{"line":117,"column":29}},"54":{"start":{"line":118,"column":8},"end":{"line":118,"column":27}},"55":{"start":{"line":121,"column":8},"end":{"line":121,"column":30}},"56":{"start":{"line":122,"column":8},"end":{"line":122,"column":36}},"57":{"start":{"line":123,"column":8},"end":{"line":123,"column":35}},"58":{"start":{"line":126,"column":8},"end":{"line":126,"column":30}},"59":{"start":{"line":127,"column":8},"end":{"line":127,"column":67}},"60":{"start":{"line":130,"column":8},"end":{"line":130,"column":29}},"61":{"start":{"line":131,"column":8},"end":{"line":131,"column":27}},"62":{"start":{"line":134,"column":8},"end":{"line":134,"column":30}},"63":{"start":{"line":135,"column":8},"end":{"line":135,"column":36}},"64":{"start":{"line":136,"column":8},"end":{"line":136,"column":35}},"65":{"start":{"line":137,"column":8},"end":{"line":137,"column":27}},"66":{"start":{"line":140,"column":8},"end":{"line":140,"column":30}},"67":{"start":{"line":141,"column":8},"end":{"line":141,"column":61}},"68":{"start":{"line":144,"column":8},"end":{"line":144,"column":26}},"69":{"start":{"line":147,"column":8},"end":{"line":147,"column":29}},"70":{"start":{"line":150,"column":8},"end":{"line":150,"column":30}},"71":{"start":{"line":151,"column":8},"end":{"line":151,"column":36}},"72":{"start":{"line":152,"column":8},"end":{"line":152,"column":35}},"73":{"start":{"line":155,"column":8},"end":{"line":155,"column":30}},"74":{"start":{"line":156,"column":8},"end":{"line":156,"column":26}},"75":{"start":{"line":157,"column":8},"end":{"line":157,"column":35}},"76":{"start":{"line":160,"column":8},"end":{"line":160,"column":29}},"77":{"start":{"line":161,"column":8},"end":{"line":161,"column":27}},"78":{"start":{"line":164,"column":8},"end":{"line":164,"column":30}},"79":{"start":{"line":165,"column":8},"end":{"line":165,"column":36}},"80":{"start":{"line":168,"column":8},"end":{"line":168,"column":30}},"81":{"start":{"line":169,"column":8},"end":{"line":169,"column":66}},"82":{"start":{"line":174,"column":15},"end":{"line":174,"column":43}},"83":{"start":{"line":175,"column":0},"end":{"line":175,"column":33}}},"fnMap":{"0":{"name":"(anonymous_13)","decl":{"start":{"line":32,"column":2},"end":{"line":32,"column":9}},"loc":{"start":{"line":32,"column":28},"end":{"line":37,"column":null}}},"1":{"name":"(anonymous_14)","decl":{"start":{"line":32,"column":28},"end":{"line":32,"column":null}},"loc":{"start":{"line":32,"column":28},"end":{"line":37,"column":null}}},"2":{"name":"(anonymous_16)","decl":{"start":{"line":42,"column":2},"end":{"line":42,"column":9}},"loc":{"start":{"line":42,"column":46},"end":{"line":52,"column":null}}},"3":{"name":"(anonymous_19)","decl":{"start":{"line":55,"column":54},"end":{"line":55,"column":null}},"loc":{"start":{"line":55,"column":54},"end":{"line":59,"column":2}}},"4":{"name":"(anonymous_22)","decl":{"start":{"line":63,"column":2},"end":{"line":63,"column":9}},"loc":{"start":{"line":63,"column":22},"end":{"line":65,"column":null}}},"5":{"name":"(anonymous_23)","decl":{"start":{"line":63,"column":22},"end":{"line":63,"column":null}},"loc":{"start":{"line":63,"column":22},"end":{"line":65,"column":null}}},"6":{"name":"(anonymous_25)","decl":{"start":{"line":70,"column":2},"end":{"line":70,"column":9}},"loc":{"start":{"line":70,"column":65},"end":{"line":72,"column":null}}},"7":{"name":"(anonymous_28)","decl":{"start":{"line":75,"column":56},"end":{"line":75,"column":null}},"loc":{"start":{"line":75,"column":56},"end":{"line":78,"column":2}}},"8":{"name":"(anonymous_31)","decl":{"start":{"line":82,"column":2},"end":{"line":82,"column":9}},"loc":{"start":{"line":82,"column":37},"end":{"line":85,"column":null}}},"9":{"name":"(anonymous_32)","decl":{"start":{"line":82,"column":37},"end":{"line":82,"column":null}},"loc":{"start":{"line":82,"column":37},"end":{"line":85,"column":null}}},"10":{"name":"(anonymous_34)","decl":{"start":{"line":90,"column":2},"end":{"line":90,"column":9}},"loc":{"start":{"line":90,"column":24},"end":{"line":100,"column":null}}},"11":{"name":"(anonymous_37)","decl":{"start":{"line":107,"column":17},"end":{"line":107,"column":18}},"loc":{"start":{"line":107,"column":23},"end":{"line":109,"column":5}}},"12":{"name":"(anonymous_38)","decl":{"start":{"line":110,"column":16},"end":{"line":110,"column":17}},"loc":{"start":{"line":110,"column":22},"end":{"line":112,"column":5}}},"13":{"name":"(anonymous_39)","decl":{"start":{"line":114,"column":17},"end":{"line":114,"column":18}},"loc":{"start":{"line":114,"column":25},"end":{"line":171,"column":3}}},"14":{"name":"(anonymous_40)","decl":{"start":{"line":116,"column":33},"end":{"line":116,"column":34}},"loc":{"start":{"line":116,"column":39},"end":{"line":119,"column":7}}},"15":{"name":"(anonymous_41)","decl":{"start":{"line":120,"column":35},"end":{"line":120,"column":36}},"loc":{"start":{"line":120,"column":49},"end":{"line":124,"column":7}}},"16":{"name":"(anonymous_42)","decl":{"start":{"line":125,"column":34},"end":{"line":125,"column":35}},"loc":{"start":{"line":125,"column":48},"end":{"line":128,"column":7}}},"17":{"name":"(anonymous_43)","decl":{"start":{"line":129,"column":30},"end":{"line":129,"column":31}},"loc":{"start":{"line":129,"column":36},"end":{"line":132,"column":7}}},"18":{"name":"(anonymous_44)","decl":{"start":{"line":133,"column":32},"end":{"line":133,"column":33}},"loc":{"start":{"line":133,"column":46},"end":{"line":138,"column":7}}},"19":{"name":"(anonymous_45)","decl":{"start":{"line":139,"column":31},"end":{"line":139,"column":32}},"loc":{"start":{"line":139,"column":45},"end":{"line":142,"column":7}}},"20":{"name":"(anonymous_46)","decl":{"start":{"line":143,"column":33},"end":{"line":143,"column":34}},"loc":{"start":{"line":143,"column":39},"end":{"line":145,"column":7}}},"21":{"name":"(anonymous_47)","decl":{"start":{"line":146,"column":32},"end":{"line":146,"column":33}},"loc":{"start":{"line":146,"column":38},"end":{"line":148,"column":7}}},"22":{"name":"(anonymous_48)","decl":{"start":{"line":149,"column":34},"end":{"line":149,"column":35}},"loc":{"start":{"line":149,"column":48},"end":{"line":153,"column":7}}},"23":{"name":"(anonymous_49)","decl":{"start":{"line":154,"column":33},"end":{"line":154,"column":34}},"loc":{"start":{"line":154,"column":39},"end":{"line":158,"column":7}}},"24":{"name":"(anonymous_50)","decl":{"start":{"line":159,"column":35},"end":{"line":159,"column":36}},"loc":{"start":{"line":159,"column":41},"end":{"line":162,"column":7}}},"25":{"name":"(anonymous_51)","decl":{"start":{"line":163,"column":37},"end":{"line":163,"column":38}},"loc":{"start":{"line":163,"column":51},"end":{"line":166,"column":7}}},"26":{"name":"(anonymous_52)","decl":{"start":{"line":167,"column":36},"end":{"line":167,"column":37}},"loc":{"start":{"line":167,"column":50},"end":{"line":170,"column":7}}}},"branchMap":{"0":{"loc":{"start":{"line":33,"column":21},"end":{"line":33,"column":null}},"type":"switch","locations":[{"start":{"line":33,"column":21},"end":{"line":33,"column":null}}]},"1":{"loc":{"start":{"line":56,"column":2},"end":{"line":56,"column":20}},"type":"switch","locations":[{"start":{"line":56,"column":2},"end":{"line":56,"column":20}}]},"2":{"loc":{"start":{"line":64,"column":4},"end":{"line":64,"column":39}},"type":"switch","locations":[{"start":{"line":64,"column":4},"end":{"line":64,"column":39}}]},"3":{"loc":{"start":{"line":71,"column":4},"end":{"line":71,"column":48}},"type":"switch","locations":[{"start":{"line":71,"column":4},"end":{"line":71,"column":48}}]},"4":{"loc":{"start":{"line":76,"column":19},"end":{"line":76,"column":null}},"type":"switch","locations":[{"start":{"line":76,"column":19},"end":{"line":76,"column":null}}]},"5":{"loc":{"start":{"line":83,"column":21},"end":{"line":83,"column":null}},"type":"switch","locations":[{"start":{"line":83,"column":21},"end":{"line":83,"column":null}}]},"6":{"loc":{"start":{"line":91,"column":8},"end":{"line":91,"column":20}},"type":"if","locations":[{"start":{"line":91,"column":8},"end":{"line":91,"column":20}}]},"7":{"loc":{"start":{"line":127,"column":22},"end":{"line":127,"column":66}},"type":"binary-expr","locations":[{"start":{"line":127,"column":22},"end":{"line":127,"column":42}},{"start":{"line":127,"column":46},"end":{"line":127,"column":66}}]},"8":{"loc":{"start":{"line":141,"column":22},"end":{"line":141,"column":60}},"type":"binary-expr","locations":[{"start":{"line":141,"column":22},"end":{"line":141,"column":42}},{"start":{"line":141,"column":46},"end":{"line":141,"column":60}}]},"9":{"loc":{"start":{"line":169,"column":22},"end":{"line":169,"column":65}},"type":"binary-expr","locations":[{"start":{"line":169,"column":22},"end":{"line":169,"column":42}},{"start":{"line":169,"column":46},"end":{"line":169,"column":65}}]}},"s":{"0":1,"1":1,"2":1,"3":1,"4":1,"5":1,"6":1,"7":1,"8":1,"9":1,"10":1,"11":1,"12":2,"13":2,"14":2,"15":1,"16":1,"17":1,"18":1,"19":1,"20":1,"21":1,"22":2,"23":1,"24":1,"25":1,"26":1,"27":2,"28":1,"29":1,"30":1,"31":2,"32":1,"33":1,"34":1,"35":1,"36":1,"37":1,"38":1,"39":1,"40":1,"41":1,"42":1,"43":0,"44":0,"45":0,"46":0,"47":0,"48":0,"49":1,"50":1,"51":1,"52":1,"53":1,"54":1,"55":1,"56":1,"57":1,"58":1,"59":1,"60":4,"61":4,"62":4,"63":4,"64":4,"65":4,"66":5,"67":5,"68":1,"69":1,"70":1,"71":1,"72":1,"73":1,"74":1,"75":1,"76":2,"77":2,"78":1,"79":1,"80":1,"81":1,"82":1,"83":1},"f":{"0":1,"1":1,"2":2,"3":2,"4":1,"5":1,"6":1,"7":2,"8":1,"9":1,"10":0,"11":1,"12":1,"13":1,"14":1,"15":1,"16":1,"17":4,"18":4,"19":5,"20":1,"21":1,"22":1,"23":1,"24":2,"25":1,"26":1},"b":{"0":[1],"1":[1],"2":[1],"3":[1],"4":[1],"5":[1],"6":[0],"7":[1,0],"8":[5,1],"9":[1,0]}}
,"/home/sashamarkov/dev/stellar-burgers/src/utils/burger-api.ts": {"path":"/home/sashamarkov/dev/stellar-burgers/src/utils/burger-api.ts","statementMap":{"0":{"start":{"line":1,"column":0},"end":{"line":1,"column":48}},"1":{"start":{"line":4,"column":12},"end":{"line":4,"column":38}},"2":{"start":{"line":6,"column":22},"end":{"line":7,"column":5}},"3":{"start":{"line":7,"column":2},"end":{"line":7,"column":70}},"4":{"start":{"line":7,"column":49},"end":{"line":7,"column":69}},"5":{"start":{"line":18,"column":28},"end":{"line":19,"column":7}},"6":{"start":{"line":19,"column":2},"end":{"line":36,"column":7}},"7":{"start":{"line":28,"column":19},"end":{"line":28,"column":56}},"8":{"start":{"line":30,"column":6},"end":{"line":32,"column":7}},"9":{"start":{"line":31,"column":8},"end":{"line":31,"column":43}},"10":{"start":{"line":33,"column":6},"end":{"line":33,"column":69}},"11":{"start":{"line":34,"column":6},"end":{"line":34,"column":56}},"12":{"start":{"line":35,"column":6},"end":{"line":35,"column":25}},"13":{"start":{"line":18,"column":13},"end":{"line":18,"column":28}},"14":{"start":{"line":38,"column":32},"end":{"line":58,"column":2}},"15":{"start":{"line":40,"column":22},"end":{"line":58,"column":2}},"16":{"start":{"line":43,"column":16},"end":{"line":43,"column":null}},"17":{"start":{"line":43,"column":10},"end":{"line":43,"column":null}},"18":{"start":{"line":44,"column":11},"end":{"line":44,"column":39}},"19":{"start":{"line":44,"column":4},"end":{"line":44,"column":39}},"20":{"start":{"line":46,"column":8},"end":{"line":46,"column":9}},"21":{"start":{"line":47,"column":26},"end":{"line":47,"column":null}},"22":{"start":{"line":47,"column":12},"end":{"line":47,"column":null}},"23":{"start":{"line":48,"column":6},"end":{"line":51,"column":7}},"24":{"start":{"line":49,"column":9},"end":{"line":50,"column":34}},"25":{"start":{"line":52,"column":18},"end":{"line":52,"column":null}},"26":{"start":{"line":52,"column":12},"end":{"line":52,"column":null}},"27":{"start":{"line":53,"column":13},"end":{"line":53,"column":41}},"28":{"start":{"line":53,"column":6},"end":{"line":53,"column":41}},"29":{"start":{"line":55,"column":6},"end":{"line":55,"column":33}},"30":{"start":{"line":38,"column":13},"end":{"line":38,"column":32}},"31":{"start":{"line":74,"column":33},"end":{"line":75,"column":7}},"32":{"start":{"line":75,"column":2},"end":{"line":80,"column":7}},"33":{"start":{"line":76,"column":19},"end":{"line":76,"column":60}},"34":{"start":{"line":78,"column":6},"end":{"line":78,"column":42}},"35":{"start":{"line":78,"column":25},"end":{"line":78,"column":42}},"36":{"start":{"line":79,"column":6},"end":{"line":79,"column":34}},"37":{"start":{"line":74,"column":13},"end":{"line":74,"column":33}},"38":{"start":{"line":82,"column":27},"end":{"line":83,"column":7}},"39":{"start":{"line":83,"column":2},"end":{"line":88,"column":7}},"40":{"start":{"line":84,"column":19},"end":{"line":84,"column":54}},"41":{"start":{"line":86,"column":6},"end":{"line":86,"column":37}},"42":{"start":{"line":86,"column":25},"end":{"line":86,"column":37}},"43":{"start":{"line":87,"column":6},"end":{"line":87,"column":34}},"44":{"start":{"line":82,"column":13},"end":{"line":82,"column":27}},"45":{"start":{"line":90,"column":28},"end":{"line":91,"column":18}},"46":{"start":{"line":91,"column":2},"end":{"line":100,"column":5}},"47":{"start":{"line":98,"column":4},"end":{"line":98,"column":42}},"48":{"start":{"line":98,"column":23},"end":{"line":98,"column":42}},"49":{"start":{"line":99,"column":4},"end":{"line":99,"column":32}},"50":{"start":{"line":90,"column":13},"end":{"line":90,"column":28}},"51":{"start":{"line":107,"column":30},"end":{"line":108,"column":18}},"52":{"start":{"line":108,"column":2},"end":{"line":120,"column":5}},"53":{"start":{"line":118,"column":4},"end":{"line":118,"column":35}},"54":{"start":{"line":118,"column":23},"end":{"line":118,"column":35}},"55":{"start":{"line":119,"column":4},"end":{"line":119,"column":32}},"56":{"start":{"line":107,"column":13},"end":{"line":107,"column":30}},"57":{"start":{"line":126,"column":35},"end":{"line":127,"column":7}},"58":{"start":{"line":127,"column":2},"end":{"line":132,"column":55}},"59":{"start":{"line":132,"column":19},"end":{"line":132,"column":54}},"60":{"start":{"line":126,"column":13},"end":{"line":126,"column":35}},"61":{"start":{"line":146,"column":31},"end":{"line":147,"column":7}},"62":{"start":{"line":147,"column":2},"end":{"line":158,"column":7}},"63":{"start":{"line":154,"column":19},"end":{"line":154,"column":53}},"64":{"start":{"line":156,"column":6},"end":{"line":156,"column":37}},"65":{"start":{"line":156,"column":25},"end":{"line":156,"column":37}},"66":{"start":{"line":157,"column":6},"end":{"line":157,"column":34}},"67":{"start":{"line":146,"column":13},"end":{"line":146,"column":31}},"68":{"start":{"line":165,"column":28},"end":{"line":166,"column":7}},"69":{"start":{"line":166,"column":2},"end":{"line":177,"column":7}},"70":{"start":{"line":173,"column":19},"end":{"line":173,"column":53}},"71":{"start":{"line":175,"column":6},"end":{"line":175,"column":37}},"72":{"start":{"line":175,"column":25},"end":{"line":175,"column":37}},"73":{"start":{"line":176,"column":6},"end":{"line":176,"column":34}},"74":{"start":{"line":165,"column":13},"end":{"line":165,"column":28}},"75":{"start":{"line":179,"column":33},"end":{"line":180,"column":7}},"76":{"start":{"line":180,"column":2},"end":{"line":191,"column":7}},"77":{"start":{"line":187,"column":19},"end":{"line":187,"column":59}},"78":{"start":{"line":189,"column":6},"end":{"line":189,"column":37}},"79":{"start":{"line":189,"column":25},"end":{"line":189,"column":37}},"80":{"start":{"line":190,"column":6},"end":{"line":190,"column":34}},"81":{"start":{"line":179,"column":13},"end":{"line":179,"column":33}},"82":{"start":{"line":193,"column":32},"end":{"line":194,"column":7}},"83":{"start":{"line":194,"column":2},"end":{"line":205,"column":7}},"84":{"start":{"line":201,"column":19},"end":{"line":201,"column":59}},"85":{"start":{"line":203,"column":6},"end":{"line":203,"column":37}},"86":{"start":{"line":203,"column":25},"end":{"line":203,"column":37}},"87":{"start":{"line":204,"column":6},"end":{"line":204,"column":34}},"88":{"start":{"line":193,"column":13},"end":{"line":193,"column":32}},"89":{"start":{"line":209,"column":26},"end":{"line":210,"column":18}},"90":{"start":{"line":210,"column":2},"end":{"line":214,"column":5}},"91":{"start":{"line":209,"column":13},"end":{"line":209,"column":26}},"92":{"start":{"line":216,"column":29},"end":{"line":217,"column":18}},"93":{"start":{"line":217,"column":2},"end":{"line":224,"column":5}},"94":{"start":{"line":216,"column":13},"end":{"line":216,"column":29}},"95":{"start":{"line":226,"column":25},"end":{"line":227,"column":7}},"96":{"start":{"line":227,"column":2},"end":{"line":235,"column":60}},"97":{"start":{"line":235,"column":19},"end":{"line":235,"column":59}},"98":{"start":{"line":226,"column":13},"end":{"line":226,"column":25}}},"fnMap":{"0":{"name":"(anonymous_13)","decl":{"start":{"line":6,"column":22},"end":{"line":6,"column":26}},"loc":{"start":{"line":6,"column":39},"end":{"line":7,"column":5}}},"1":{"name":"(anonymous_14)","decl":{"start":{"line":7,"column":40},"end":{"line":7,"column":41}},"loc":{"start":{"line":7,"column":44},"end":{"line":7,"column":56}}},"2":{"name":"(anonymous_15)","decl":{"start":{"line":18,"column":28},"end":{"line":18,"column":null}},"loc":{"start":{"line":18,"column":28},"end":{"line":19,"column":7}}},"3":{"name":"(anonymous_16)","decl":{"start":{"line":28,"column":10},"end":{"line":28,"column":11}},"loc":{"start":{"line":28,"column":14},"end":{"line":28,"column":32}}},"4":{"name":"(anonymous_17)","decl":{"start":{"line":29,"column":10},"end":{"line":29,"column":11}},"loc":{"start":{"line":29,"column":22},"end":{"line":36,"column":5}}},"5":{"name":"(anonymous_18)","decl":{"start":{"line":38,"column":32},"end":{"line":38,"column":null}},"loc":{"start":{"line":40,"column":22},"end":{"line":58,"column":2}}},"6":{"name":"(anonymous_19)","decl":{"start":{"line":40,"column":22},"end":{"line":40,"column":null}},"loc":{"start":{"line":40,"column":22},"end":{"line":58,"column":2}}},"7":{"name":"(anonymous_21)","decl":{"start":{"line":74,"column":33},"end":{"line":74,"column":null}},"loc":{"start":{"line":74,"column":33},"end":{"line":75,"column":7}}},"8":{"name":"(anonymous_22)","decl":{"start":{"line":76,"column":10},"end":{"line":76,"column":11}},"loc":{"start":{"line":76,"column":14},"end":{"line":76,"column":32}}},"9":{"name":"(anonymous_23)","decl":{"start":{"line":77,"column":10},"end":{"line":77,"column":11}},"loc":{"start":{"line":77,"column":15},"end":{"line":80,"column":5}}},"10":{"name":"(anonymous_24)","decl":{"start":{"line":82,"column":27},"end":{"line":82,"column":null}},"loc":{"start":{"line":82,"column":27},"end":{"line":83,"column":7}}},"11":{"name":"(anonymous_25)","decl":{"start":{"line":84,"column":10},"end":{"line":84,"column":11}},"loc":{"start":{"line":84,"column":14},"end":{"line":84,"column":32}}},"12":{"name":"(anonymous_26)","decl":{"start":{"line":85,"column":10},"end":{"line":85,"column":11}},"loc":{"start":{"line":85,"column":15},"end":{"line":88,"column":5}}},"13":{"name":"(anonymous_27)","decl":{"start":{"line":90,"column":28},"end":{"line":90,"column":null}},"loc":{"start":{"line":90,"column":28},"end":{"line":91,"column":18}}},"14":{"name":"(anonymous_28)","decl":{"start":{"line":97,"column":10},"end":{"line":97,"column":11}},"loc":{"start":{"line":97,"column":15},"end":{"line":100,"column":3}}},"15":{"name":"(anonymous_29)","decl":{"start":{"line":107,"column":30},"end":{"line":107,"column":31}},"loc":{"start":{"line":107,"column":45},"end":{"line":108,"column":18}}},"16":{"name":"(anonymous_30)","decl":{"start":{"line":117,"column":10},"end":{"line":117,"column":11}},"loc":{"start":{"line":117,"column":15},"end":{"line":120,"column":3}}},"17":{"name":"(anonymous_31)","decl":{"start":{"line":126,"column":35},"end":{"line":126,"column":36}},"loc":{"start":{"line":126,"column":50},"end":{"line":127,"column":7}}},"18":{"name":"(anonymous_32)","decl":{"start":{"line":132,"column":10},"end":{"line":132,"column":11}},"loc":{"start":{"line":132,"column":14},"end":{"line":132,"column":32}}},"19":{"name":"(anonymous_33)","decl":{"start":{"line":146,"column":31},"end":{"line":146,"column":32}},"loc":{"start":{"line":146,"column":51},"end":{"line":147,"column":7}}},"20":{"name":"(anonymous_34)","decl":{"start":{"line":154,"column":10},"end":{"line":154,"column":11}},"loc":{"start":{"line":154,"column":14},"end":{"line":154,"column":32}}},"21":{"name":"(anonymous_35)","decl":{"start":{"line":155,"column":10},"end":{"line":155,"column":11}},"loc":{"start":{"line":155,"column":15},"end":{"line":158,"column":5}}},"22":{"name":"(anonymous_36)","decl":{"start":{"line":165,"column":28},"end":{"line":165,"column":29}},"loc":{"start":{"line":165,"column":45},"end":{"line":166,"column":7}}},"23":{"name":"(anonymous_37)","decl":{"start":{"line":173,"column":10},"end":{"line":173,"column":11}},"loc":{"start":{"line":173,"column":14},"end":{"line":173,"column":32}}},"24":{"name":"(anonymous_38)","decl":{"start":{"line":174,"column":10},"end":{"line":174,"column":11}},"loc":{"start":{"line":174,"column":15},"end":{"line":177,"column":5}}},"25":{"name":"(anonymous_39)","decl":{"start":{"line":179,"column":33},"end":{"line":179,"column":34}},"loc":{"start":{"line":179,"column":57},"end":{"line":180,"column":7}}},"26":{"name":"(anonymous_40)","decl":{"start":{"line":187,"column":10},"end":{"line":187,"column":11}},"loc":{"start":{"line":187,"column":14},"end":{"line":187,"column":32}}},"27":{"name":"(anonymous_41)","decl":{"start":{"line":188,"column":10},"end":{"line":188,"column":11}},"loc":{"start":{"line":188,"column":15},"end":{"line":191,"column":5}}},"28":{"name":"(anonymous_42)","decl":{"start":{"line":193,"column":32},"end":{"line":193,"column":33}},"loc":{"start":{"line":193,"column":74},"end":{"line":194,"column":7}}},"29":{"name":"(anonymous_43)","decl":{"start":{"line":201,"column":10},"end":{"line":201,"column":11}},"loc":{"start":{"line":201,"column":14},"end":{"line":201,"column":32}}},"30":{"name":"(anonymous_44)","decl":{"start":{"line":202,"column":10},"end":{"line":202,"column":11}},"loc":{"start":{"line":202,"column":15},"end":{"line":205,"column":5}}},"31":{"name":"(anonymous_45)","decl":{"start":{"line":209,"column":26},"end":{"line":209,"column":null}},"loc":{"start":{"line":209,"column":26},"end":{"line":210,"column":18}}},"32":{"name":"(anonymous_46)","decl":{"start":{"line":216,"column":29},"end":{"line":216,"column":30}},"loc":{"start":{"line":216,"column":58},"end":{"line":217,"column":18}}},"33":{"name":"(anonymous_47)","decl":{"start":{"line":226,"column":25},"end":{"line":226,"column":null}},"loc":{"start":{"line":226,"column":25},"end":{"line":227,"column":7}}},"34":{"name":"(anonymous_48)","decl":{"start":{"line":235,"column":10},"end":{"line":235,"column":11}},"loc":{"start":{"line":235,"column":14},"end":{"line":235,"column":32}}}},"branchMap":{"0":{"loc":{"start":{"line":7,"column":2},"end":{"line":7,"column":69}},"type":"cond-expr","locations":[{"start":{"line":7,"column":11},"end":{"line":7,"column":21}},{"start":{"line":7,"column":24},"end":{"line":7,"column":69}}]},"1":{"loc":{"start":{"line":30,"column":6},"end":{"line":32,"column":7}},"type":"if","locations":[{"start":{"line":30,"column":6},"end":{"line":32,"column":7}}]},"2":{"loc":{"start":{"line":44,"column":4},"end":{"line":44,"column":39}},"type":"switch","locations":[{"start":{"line":44,"column":4},"end":{"line":44,"column":39}},{"start":{"line":53,"column":6},"end":{"line":53,"column":41}},{"start":{"line":55,"column":6},"end":{"line":55,"column":33}}]},"3":{"loc":{"start":{"line":46,"column":8},"end":{"line":46,"column":9}},"type":"if","locations":[{"start":{"line":46,"column":8},"end":{"line":46,"column":9}}]},"4":{"loc":{"start":{"line":48,"column":6},"end":{"line":51,"column":7}},"type":"if","locations":[{"start":{"line":48,"column":6},"end":{"line":51,"column":7}}]},"5":{"loc":{"start":{"line":78,"column":6},"end":{"line":78,"column":42}},"type":"if","locations":[{"start":{"line":78,"column":6},"end":{"line":78,"column":42}}]},"6":{"loc":{"start":{"line":78,"column":10},"end":{"line":78,"column":23}},"type":"cond-expr","locations":[{"start":{"line":78,"column":14},"end":{"line":78,"column":16}},{"start":{"line":78,"column":10},"end":{"line":78,"column":23}}]},"7":{"loc":{"start":{"line":78,"column":10},"end":{"line":78,"column":16}},"type":"binary-expr","locations":[{"start":{"line":78,"column":10},"end":{"line":78,"column":16}},{"start":{"line":78,"column":10},"end":{"line":78,"column":16}}]},"8":{"loc":{"start":{"line":86,"column":6},"end":{"line":86,"column":37}},"type":"if","locations":[{"start":{"line":86,"column":6},"end":{"line":86,"column":37}}]},"9":{"loc":{"start":{"line":86,"column":10},"end":{"line":86,"column":23}},"type":"cond-expr","locations":[{"start":{"line":86,"column":14},"end":{"line":86,"column":16}},{"start":{"line":86,"column":10},"end":{"line":86,"column":23}}]},"10":{"loc":{"start":{"line":86,"column":10},"end":{"line":86,"column":16}},"type":"binary-expr","locations":[{"start":{"line":86,"column":10},"end":{"line":86,"column":16}},{"start":{"line":86,"column":10},"end":{"line":86,"column":16}}]},"11":{"loc":{"start":{"line":98,"column":4},"end":{"line":98,"column":42}},"type":"if","locations":[{"start":{"line":98,"column":4},"end":{"line":98,"column":42}}]},"12":{"loc":{"start":{"line":98,"column":8},"end":{"line":98,"column":21}},"type":"cond-expr","locations":[{"start":{"line":98,"column":12},"end":{"line":98,"column":14}},{"start":{"line":98,"column":8},"end":{"line":98,"column":21}}]},"13":{"loc":{"start":{"line":98,"column":8},"end":{"line":98,"column":14}},"type":"binary-expr","locations":[{"start":{"line":98,"column":8},"end":{"line":98,"column":14}},{"start":{"line":98,"column":8},"end":{"line":98,"column":14}}]},"14":{"loc":{"start":{"line":118,"column":4},"end":{"line":118,"column":35}},"type":"if","locations":[{"start":{"line":118,"column":4},"end":{"line":118,"column":35}}]},"15":{"loc":{"start":{"line":118,"column":8},"end":{"line":118,"column":21}},"type":"cond-expr","locations":[{"start":{"line":118,"column":12},"end":{"line":118,"column":14}},{"start":{"line":118,"column":8},"end":{"line":118,"column":21}}]},"16":{"loc":{"start":{"line":118,"column":8},"end":{"line":118,"column":14}},"type":"binary-expr","locations":[{"start":{"line":118,"column":8},"end":{"line":118,"column":14}},{"start":{"line":118,"column":8},"end":{"line":118,"column":14}}]},"17":{"loc":{"start":{"line":156,"column":6},"end":{"line":156,"column":37}},"type":"if","locations":[{"start":{"line":156,"column":6},"end":{"line":156,"column":37}}]},"18":{"loc":{"start":{"line":156,"column":10},"end":{"line":156,"column":23}},"type":"cond-expr","locations":[{"start":{"line":156,"column":14},"end":{"line":156,"column":16}},{"start":{"line":156,"column":10},"end":{"line":156,"column":23}}]},"19":{"loc":{"start":{"line":156,"column":10},"end":{"line":156,"column":16}},"type":"binary-expr","locations":[{"start":{"line":156,"column":10},"end":{"line":156,"column":16}},{"start":{"line":156,"column":10},"end":{"line":156,"column":16}}]},"20":{"loc":{"start":{"line":175,"column":6},"end":{"line":175,"column":37}},"type":"if","locations":[{"start":{"line":175,"column":6},"end":{"line":175,"column":37}}]},"21":{"loc":{"start":{"line":175,"column":10},"end":{"line":175,"column":23}},"type":"cond-expr","locations":[{"start":{"line":175,"column":14},"end":{"line":175,"column":16}},{"start":{"line":175,"column":10},"end":{"line":175,"column":23}}]},"22":{"loc":{"start":{"line":175,"column":10},"end":{"line":175,"column":16}},"type":"binary-expr","locations":[{"start":{"line":175,"column":10},"end":{"line":175,"column":16}},{"start":{"line":175,"column":10},"end":{"line":175,"column":16}}]},"23":{"loc":{"start":{"line":189,"column":6},"end":{"line":189,"column":37}},"type":"if","locations":[{"start":{"line":189,"column":6},"end":{"line":189,"column":37}}]},"24":{"loc":{"start":{"line":189,"column":10},"end":{"line":189,"column":23}},"type":"cond-expr","locations":[{"start":{"line":189,"column":14},"end":{"line":189,"column":16}},{"start":{"line":189,"column":10},"end":{"line":189,"column":23}}]},"25":{"loc":{"start":{"line":189,"column":10},"end":{"line":189,"column":16}},"type":"binary-expr","locations":[{"start":{"line":189,"column":10},"end":{"line":189,"column":16}},{"start":{"line":189,"column":10},"end":{"line":189,"column":16}}]},"26":{"loc":{"start":{"line":203,"column":6},"end":{"line":203,"column":37}},"type":"if","locations":[{"start":{"line":203,"column":6},"end":{"line":203,"column":37}}]},"27":{"loc":{"start":{"line":203,"column":10},"end":{"line":203,"column":23}},"type":"cond-expr","locations":[{"start":{"line":203,"column":14},"end":{"line":203,"column":16}},{"start":{"line":203,"column":10},"end":{"line":203,"column":23}}]},"28":{"loc":{"start":{"line":203,"column":10},"end":{"line":203,"column":16}},"type":"binary-expr","locations":[{"start":{"line":203,"column":10},"end":{"line":203,"column":16}},{"start":{"line":203,"column":10},"end":{"line":203,"column":16}}]}},"s":{"0":1,"1":1,"2":1,"3":0,"4":0,"5":1,"6":0,"7":0,"8":0,"9":0,"10":0,"11":0,"12":0,"13":1,"14":1,"15":0,"16":0,"17":0,"18":0,"19":0,"20":0,"21":0,"22":0,"23":0,"24":0,"25":0,"26":0,"27":0,"28":0,"29":0,"30":1,"31":1,"32":0,"33":0,"34":0,"35":0,"36":0,"37":1,"38":1,"39":0,"40":0,"41":0,"42":0,"43":0,"44":1,"45":1,"46":0,"47":0,"48":0,"49":0,"50":1,"51":1,"52":0,"53":0,"54":0,"55":0,"56":1,"57":1,"58":0,"59":0,"60":1,"61":1,"62":0,"63":0,"64":0,"65":0,"66":0,"67":1,"68":1,"69":0,"70":0,"71":0,"72":0,"73":0,"74":1,"75":1,"76":0,"77":0,"78":0,"79":0,"80":0,"81":1,"82":1,"83":0,"84":0,"85":0,"86":0,"87":0,"88":1,"89":1,"90":0,"91":1,"92":1,"93":0,"94":1,"95":1,"96":0,"97":0,"98":1},"f":{"0":0,"1":0,"2":0,"3":0,"4":0,"5":0,"6":0,"7":0,"8":0,"9":0,"10":0,"11":0,"12":0,"13":0,"14":0,"15":0,"16":0,"17":0,"18":0,"19":0,"20":0,"21":0,"22":0,"23":0,"24":0,"25":0,"26":0,"27":0,"28":0,"29":0,"30":0,"31":0,"32":0,"33":0,"34":0},"b":{"0":[0,0],"1":[0],"2":[0,0,0],"3":[0],"4":[0],"5":[0],"6":[0,0],"7":[0,0],"8":[0],"9":[0,0],"10":[0,0],"11":[0],"12":[0,0],"13":[0,0],"14":[0],"15":[0,0],"16":[0,0],"17":[0],"18":[0,0],"19":[0,0],"20":[0],"21":[0,0],"22":[0,0],"23":[0],"24":[0,0],"25":[0,0],"26":[0],"27":[0,0],"28":[0,0]}}
,"/home/sashamarkov/dev/stellar-burgers/src/utils/cookie.ts": {"path":"/home/sashamarkov/dev/stellar-burgers/src/utils/cookie.ts","statementMap":{"0":{"start":{"line":2,"column":18},"end":{"line":8,"column":null}},"1":{"start":{"line":10,"column":2},"end":{"line":10,"column":62}},"2":{"start":{"line":1,"column":0},"end":{"line":1,"column":16}},"3":{"start":{"line":16,"column":2},"end":{"line":16,"column":null}},"4":{"start":{"line":18,"column":2},"end":{"line":21,"column":4}},"5":{"start":{"line":23,"column":12},"end":{"line":23,"column":25}},"6":{"start":{"line":24,"column":2},"end":{"line":28,"column":3}},"7":{"start":{"line":25,"column":14},"end":{"line":25,"column":24}},"8":{"start":{"line":26,"column":4},"end":{"line":26,"column":40}},"9":{"start":{"line":27,"column":4},"end":{"line":27,"column":28}},"10":{"start":{"line":30,"column":2},"end":{"line":32,"column":3}},"11":{"start":{"line":31,"column":4},"end":{"line":31,"column":38}},"12":{"start":{"line":33,"column":2},"end":{"line":33,"column":36}},"13":{"start":{"line":34,"column":22},"end":{"line":34,"column":40}},"14":{"start":{"line":35,"column":2},"end":{"line":41,"column":3}},"15":{"start":{"line":36,"column":4},"end":{"line":36,"column":37}},"16":{"start":{"line":37,"column":22},"end":{"line":37,"column":37}},"17":{"start":{"line":38,"column":4},"end":{"line":40,"column":5}},"18":{"start":{"line":39,"column":6},"end":{"line":39,"column":39}},"19":{"start":{"line":42,"column":2},"end":{"line":42,"column":34}},"20":{"start":{"line":13,"column":0},"end":{"line":13,"column":16}},"21":{"start":{"line":46,"column":2},"end":{"line":46,"column":39}},"22":{"start":{"line":45,"column":0},"end":{"line":45,"column":16}}},"fnMap":{"0":{"name":"getCookie","decl":{"start":{"line":1,"column":16},"end":{"line":1,"column":25}},"loc":{"start":{"line":1,"column":38},"end":{"line":11,"column":1}}},"1":{"name":"setCookie","decl":{"start":{"line":13,"column":16},"end":{"line":13,"column":25}},"loc":{"start":{"line":16,"column":65},"end":{"line":43,"column":1}}},"2":{"name":"deleteCookie","decl":{"start":{"line":45,"column":16},"end":{"line":45,"column":28}},"loc":{"start":{"line":45,"column":41},"end":{"line":47,"column":1}}}},"branchMap":{"0":{"loc":{"start":{"line":10,"column":9},"end":{"line":10,"column":61}},"type":"cond-expr","locations":[{"start":{"line":10,"column":19},"end":{"line":10,"column":49}},{"start":{"line":10,"column":52},"end":{"line":10,"column":61}}]},"1":{"loc":{"start":{"line":16,"column":2},"end":{"line":16,"column":null}},"type":"if","locations":[{"start":{"line":16,"column":2},"end":{"line":16,"column":null}}]},"2":{"loc":{"start":{"line":24,"column":2},"end":{"line":28,"column":3}},"type":"if","locations":[{"start":{"line":24,"column":2},"end":{"line":28,"column":3}}]},"3":{"loc":{"start":{"line":24,"column":6},"end":{"line":24,"column":36}},"type":"binary-expr","locations":[{"start":{"line":24,"column":6},"end":{"line":24,"column":9}},{"start":{"line":24,"column":13},"end":{"line":24,"column":36}}]},"4":{"loc":{"start":{"line":30,"column":2},"end":{"line":32,"column":3}},"type":"if","locations":[{"start":{"line":30,"column":2},"end":{"line":32,"column":3}}]},"5":{"loc":{"start":{"line":30,"column":6},"end":{"line":30,"column":32}},"type":"binary-expr","locations":[{"start":{"line":30,"column":6},"end":{"line":30,"column":9}},{"start":{"line":30,"column":13},"end":{"line":30,"column":32}}]},"6":{"loc":{"start":{"line":38,"column":4},"end":{"line":40,"column":5}},"type":"if","locations":[{"start":{"line":38,"column":4},"end":{"line":40,"column":5}}]}},"s":{"0":0,"1":0,"2":2,"3":5,"4":3,"5":3,"6":3,"7":1,"8":1,"9":1,"10":3,"11":1,"12":3,"13":3,"14":3,"15":4,"16":4,"17":4,"18":4,"19":3,"20":2,"21":1,"22":2},"f":{"0":0,"1":3,"2":1},"b":{"0":[0,0],"1":[2],"2":[1],"3":[3,1],"4":[1],"5":[3,1],"6":[4]}}
}
