TN:
SF:src/services/slices/constructorSlice.ts
FN:19,(anonymous_2)
FN:26,(anonymous_3)
FN:33,(anonymous_4)
FN:35,(anonymous_5)
FN:38,(anonymous_6)
FN:46,(anonymous_7)
FN:54,(anonymous_8)
FNF:7
FNH:7
FNDA:32,(anonymous_2)
FNDA:32,(anonymous_3)
FNDA:2,(anonymous_4)
FNDA:4,(anonymous_5)
FNDA:3,(anonymous_6)
FNDA:3,(anonymous_7)
FNDA:1,(anonymous_8)
DA:1,1
DA:9,1
DA:14,1
DA:20,32
DA:21,4
DA:23,28
DA:26,32
DA:34,2
DA:35,4
DA:39,3
DA:40,3
DA:41,1
DA:42,1
DA:43,1
DA:47,3
DA:48,3
DA:49,1
DA:50,1
DA:51,1
DA:55,1
DA:56,1
DA:62,1
DA:69,1
LF:23
LH:23
BRDA:20,0,0,4
BRDA:20,0,1,28
BRDA:40,1,0,1
BRDA:48,2,0,1
BRF:4
BRH:4
end_of_record
TN:
SF:src/services/slices/feedSlice.ts
FN:23,(anonymous_13)
FN:35,(anonymous_16)
FN:37,(anonymous_17)
FN:41,(anonymous_18)
FN:48,(anonymous_19)
FNF:5
FNH:4
FNDA:0,(anonymous_13)
FNDA:1,(anonymous_16)
FNDA:5,(anonymous_17)
FNDA:6,(anonymous_18)
FNDA:4,(anonymous_19)
DA:1,1
DA:2,1
DA:13,1
DA:21,1
DA:23,0
DA:24,0
DA:25,0
DA:26,0
DA:27,0
DA:31,1
DA:36,1
DA:38,5
DA:39,5
DA:42,6
DA:43,6
DA:44,6
DA:45,6
DA:46,6
DA:49,4
DA:50,4
DA:55,1
LF:21
LH:16
BRDA:50,0,0,4
BRDA:50,0,1,1
BRF:2
BRH:2
end_of_record
TN:
SF:src/services/slices/ingredientsSlice.ts
FN:20,(anonymous_13)
FN:25,(anonymous_16)
FN:37,(anonymous_17)
FN:39,(anonymous_18)
FN:45,(anonymous_19)
FN:51,(anonymous_20)
FNF:6
FNH:6
FNDA:4,(anonymous_13)
FNDA:3,(anonymous_16)
FNDA:1,(anonymous_17)
FNDA:5,(anonymous_18)
FNDA:5,(anonymous_19)
FNDA:3,(anonymous_20)
DA:1,1
DA:2,1
DA:12,1
DA:18,1
DA:20,2
DA:21,2
DA:22,2
DA:25,3
DA:26,3
DA:27,3
DA:28,1
DA:33,1
DA:38,1
DA:40,5
DA:41,5
DA:46,5
DA:47,5
DA:48,5
DA:52,3
DA:53,3
DA:58,1
LF:21
LH:21
BRDA:21,0,0,2
BRDA:27,1,0,1
BRDA:53,2,0,3
BRDA:53,2,1,1
BRF:4
BRH:4
end_of_record
TN:
SF:src/services/slices/orderByNumberSlice.ts
FN:19,(anonymous_13)
FN:19,(anonymous_14)
FN:29,(anonymous_16)
FN:34,(anonymous_17)
FN:36,(anonymous_18)
FN:40,(anonymous_19)
FN:45,(anonymous_20)
FNF:7
FNH:6
FNDA:4,(anonymous_13)
FNDA:4,(anonymous_14)
FNDA:0,(anonymous_16)
FNDA:1,(anonymous_17)
FNDA:5,(anonymous_18)
FNDA:6,(anonymous_19)
FNDA:4,(anonymous_20)
DA:1,1
DA:2,1
DA:11,1
DA:17,1
DA:19,4
DA:20,4
DA:21,2
DA:25,1
DA:30,0
DA:31,0
DA:35,1
DA:37,5
DA:38,5
DA:41,6
DA:42,6
DA:43,6
DA:46,4
DA:47,4
DA:52,1
DA:53,1
LF:20
LH:18
BRDA:20,0,0,4
BRDA:47,1,0,4
BRDA:47,1,1,1
BRF:3
BRH:3
end_of_record
TN:
SF:src/services/slices/orderSlice.ts
FN:19,(anonymous_13)
FN:19,(anonymous_14)
FN:29,(anonymous_16)
FN:34,(anonymous_17)
FN:36,(anonymous_18)
FN:40,(anonymous_19)
FN:45,(anonymous_20)
FNF:7
FNH:7
FNDA:4,(anonymous_13)
FNDA:4,(anonymous_14)
FNDA:2,(anonymous_16)
FNDA:1,(anonymous_17)
FNDA:5,(anonymous_18)
FNDA:6,(anonymous_19)
FNDA:4,(anonymous_20)
DA:1,1
DA:2,1
DA:11,1
DA:17,1
DA:19,4
DA:20,4
DA:21,2
DA:25,1
DA:30,2
DA:31,2
DA:35,1
DA:37,5
DA:38,5
DA:41,6
DA:42,6
DA:43,6
DA:46,4
DA:47,4
DA:52,1
DA:53,1
LF:20
LH:20
BRDA:20,0,0,4
BRDA:47,1,0,4
BRDA:47,1,1,1
BRF:3
BRH:3
end_of_record
TN:
SF:src/services/slices/ordersSlice.ts
FN:19,(anonymous_13)
FN:29,(anonymous_16)
FN:33,(anonymous_17)
FN:35,(anonymous_18)
FN:39,(anonymous_19)
FN:44,(anonymous_20)
FNF:6
FNH:6
FNDA:6,(anonymous_13)
FNDA:2,(anonymous_16)
FNDA:1,(anonymous_17)
FNDA:5,(anonymous_18)
FNDA:7,(anonymous_19)
FNDA:4,(anonymous_20)
DA:1,1
DA:2,1
DA:11,1
DA:17,1
DA:19,3
DA:20,3
DA:21,2
DA:25,1
DA:30,2
DA:34,1
DA:36,5
DA:37,5
DA:40,7
DA:41,7
DA:42,7
DA:45,4
DA:46,4
DA:51,1
DA:52,1
LF:19
LH:19
BRDA:20,0,0,3
BRDA:46,1,0,4
BRDA:46,1,1,1
BRF:3
BRH:3
end_of_record
TN:
SF:src/services/slices/userSlice.ts
FN:32,(anonymous_13)
FN:32,(anonymous_14)
FN:42,(anonymous_16)
FN:55,(anonymous_19)
FN:63,(anonymous_22)
FN:63,(anonymous_23)
FN:70,(anonymous_25)
FN:75,(anonymous_28)
FN:82,(anonymous_31)
FN:82,(anonymous_32)
FN:90,(anonymous_34)
FN:107,(anonymous_37)
FN:110,(anonymous_38)
FN:114,(anonymous_39)
FN:116,(anonymous_40)
FN:120,(anonymous_41)
FN:125,(anonymous_42)
FN:129,(anonymous_43)
FN:133,(anonymous_44)
FN:139,(anonymous_45)
FN:143,(anonymous_46)
FN:146,(anonymous_47)
FN:149,(anonymous_48)
FN:154,(anonymous_49)
FN:159,(anonymous_50)
FN:163,(anonymous_51)
FN:167,(anonymous_52)
FNF:27
FNH:26
FNDA:1,(anonymous_13)
FNDA:1,(anonymous_14)
FNDA:2,(anonymous_16)
FNDA:2,(anonymous_19)
FNDA:1,(anonymous_22)
FNDA:1,(anonymous_23)
FNDA:1,(anonymous_25)
FNDA:2,(anonymous_28)
FNDA:1,(anonymous_31)
FNDA:1,(anonymous_32)
FNDA:0,(anonymous_34)
FNDA:1,(anonymous_37)
FNDA:1,(anonymous_38)
FNDA:1,(anonymous_39)
FNDA:1,(anonymous_40)
FNDA:1,(anonymous_41)
FNDA:1,(anonymous_42)
FNDA:4,(anonymous_43)
FNDA:4,(anonymous_44)
FNDA:5,(anonymous_45)
FNDA:1,(anonymous_46)
FNDA:1,(anonymous_47)
FNDA:1,(anonymous_48)
FNDA:1,(anonymous_49)
FNDA:2,(anonymous_50)
FNDA:1,(anonymous_51)
FNDA:1,(anonymous_52)
DA:1,1
DA:3,1
DA:14,1
DA:23,1
DA:30,1
DA:32,1
DA:33,1
DA:34,1
DA:35,1
DA:36,1
DA:40,1
DA:42,2
DA:44,2
DA:45,1
DA:46,1
DA:47,1
DA:49,1
DA:50,1
DA:55,1
DA:56,2
DA:57,1
DA:58,1
DA:61,1
DA:63,1
DA:64,2
DA:68,1
DA:70,1
DA:71,2
DA:75,1
DA:76,1
DA:77,1
DA:80,1
DA:82,1
DA:83,1
DA:84,1
DA:88,1
DA:90,0
DA:91,0
DA:93,0
DA:95,0
DA:96,0
DA:99,0
DA:103,1
DA:108,1
DA:111,1
DA:115,1
DA:117,1
DA:118,1
DA:121,1
DA:122,1
DA:123,1
DA:126,1
DA:127,1
DA:130,4
DA:131,4
DA:134,4
DA:135,4
DA:136,4
DA:137,4
DA:140,5
DA:141,5
DA:144,1
DA:147,1
DA:150,1
DA:151,1
DA:152,1
DA:155,1
DA:156,1
DA:157,1
DA:160,2
DA:161,2
DA:164,1
DA:165,1
DA:168,1
DA:169,1
DA:174,1
DA:175,1
LF:77
LH:71
BRDA:33,0,0,1
BRDA:56,1,0,1
BRDA:64,2,0,1
BRDA:71,3,0,1
BRDA:76,4,0,1
BRDA:83,5,0,1
BRDA:91,6,0,0
BRDA:127,7,0,1
BRDA:127,7,1,0
BRDA:141,8,0,5
BRDA:141,8,1,1
BRDA:169,9,0,1
BRDA:169,9,1,0
BRF:13
BRH:10
end_of_record
TN:
SF:src/utils/burger-api.ts
FN:6,(anonymous_13)
FN:7,(anonymous_14)
FN:18,(anonymous_15)
FN:28,(anonymous_16)
FN:29,(anonymous_17)
FN:38,(anonymous_18)
FN:40,(anonymous_19)
FN:74,(anonymous_21)
FN:76,(anonymous_22)
FN:77,(anonymous_23)
FN:82,(anonymous_24)
FN:84,(anonymous_25)
FN:85,(anonymous_26)
FN:90,(anonymous_27)
FN:97,(anonymous_28)
FN:107,(anonymous_29)
FN:117,(anonymous_30)
FN:126,(anonymous_31)
FN:132,(anonymous_32)
FN:146,(anonymous_33)
FN:154,(anonymous_34)
FN:155,(anonymous_35)
FN:165,(anonymous_36)
FN:173,(anonymous_37)
FN:174,(anonymous_38)
FN:179,(anonymous_39)
FN:187,(anonymous_40)
FN:188,(anonymous_41)
FN:193,(anonymous_42)
FN:201,(anonymous_43)
FN:202,(anonymous_44)
FN:209,(anonymous_45)
FN:216,(anonymous_46)
FN:226,(anonymous_47)
FN:235,(anonymous_48)
FNF:35
FNH:0
FNDA:0,(anonymous_13)
FNDA:0,(anonymous_14)
FNDA:0,(anonymous_15)
FNDA:0,(anonymous_16)
FNDA:0,(anonymous_17)
FNDA:0,(anonymous_18)
FNDA:0,(anonymous_19)
FNDA:0,(anonymous_21)
FNDA:0,(anonymous_22)
FNDA:0,(anonymous_23)
FNDA:0,(anonymous_24)
FNDA:0,(anonymous_25)
FNDA:0,(anonymous_26)
FNDA:0,(anonymous_27)
FNDA:0,(anonymous_28)
FNDA:0,(anonymous_29)
FNDA:0,(anonymous_30)
FNDA:0,(anonymous_31)
FNDA:0,(anonymous_32)
FNDA:0,(anonymous_33)
FNDA:0,(anonymous_34)
FNDA:0,(anonymous_35)
FNDA:0,(anonymous_36)
FNDA:0,(anonymous_37)
FNDA:0,(anonymous_38)
FNDA:0,(anonymous_39)
FNDA:0,(anonymous_40)
FNDA:0,(anonymous_41)
FNDA:0,(anonymous_42)
FNDA:0,(anonymous_43)
FNDA:0,(anonymous_44)
FNDA:0,(anonymous_45)
FNDA:0,(anonymous_46)
FNDA:0,(anonymous_47)
FNDA:0,(anonymous_48)
DA:1,1
DA:4,1
DA:6,1
DA:7,0
DA:18,1
DA:19,0
DA:28,0
DA:30,0
DA:31,0
DA:33,0
DA:34,0
DA:35,0
DA:38,1
DA:40,0
DA:43,0
DA:44,0
DA:46,0
DA:47,0
DA:48,0
DA:49,0
DA:52,0
DA:53,0
DA:55,0
DA:74,1
DA:75,0
DA:76,0
DA:78,0
DA:79,0
DA:82,1
DA:83,0
DA:84,0
DA:86,0
DA:87,0
DA:90,1
DA:91,0
DA:98,0
DA:99,0
DA:107,1
DA:108,0
DA:118,0
DA:119,0
DA:126,1
DA:127,0
DA:132,0
DA:146,1
DA:147,0
DA:154,0
DA:156,0
DA:157,0
DA:165,1
DA:166,0
DA:173,0
DA:175,0
DA:176,0
DA:179,1
DA:180,0
DA:187,0
DA:189,0
DA:190,0
DA:193,1
DA:194,0
DA:201,0
DA:203,0
DA:204,0
DA:209,1
DA:210,0
DA:216,1
DA:217,0
DA:226,1
DA:227,0
DA:235,0
LF:71
LH:17
BRDA:7,0,0,0
BRDA:7,0,1,0
BRDA:30,1,0,0
BRDA:44,2,0,0
BRDA:44,2,1,0
BRDA:44,2,2,0
BRDA:46,3,0,0
BRDA:48,4,0,0
BRDA:78,5,0,0
BRDA:78,6,0,0
BRDA:78,6,1,0
BRDA:78,7,0,0
BRDA:78,7,1,0
BRDA:86,8,0,0
BRDA:86,9,0,0
BRDA:86,9,1,0
BRDA:86,10,0,0
BRDA:86,10,1,0
BRDA:98,11,0,0
BRDA:98,12,0,0
BRDA:98,12,1,0
BRDA:98,13,0,0
BRDA:98,13,1,0
BRDA:118,14,0,0
BRDA:118,15,0,0
BRDA:118,15,1,0
BRDA:118,16,0,0
BRDA:118,16,1,0
BRDA:156,17,0,0
BRDA:156,18,0,0
BRDA:156,18,1,0
BRDA:156,19,0,0
BRDA:156,19,1,0
BRDA:175,20,0,0
BRDA:175,21,0,0
BRDA:175,21,1,0
BRDA:175,22,0,0
BRDA:175,22,1,0
BRDA:189,23,0,0
BRDA:189,24,0,0
BRDA:189,24,1,0
BRDA:189,25,0,0
BRDA:189,25,1,0
BRDA:203,26,0,0
BRDA:203,27,0,0
BRDA:203,27,1,0
BRDA:203,28,0,0
BRDA:203,28,1,0
BRF:48
BRH:0
end_of_record
TN:
SF:src/utils/cookie.ts
FN:1,getCookie
FN:13,setCookie
FN:45,deleteCookie
FNF:3
FNH:2
FNDA:0,getCookie
FNDA:3,setCookie
FNDA:1,deleteCookie
DA:1,2
DA:2,0
DA:10,0
DA:13,2
DA:16,5
DA:18,3
DA:23,3
DA:24,3
DA:25,1
DA:26,1
DA:27,1
DA:30,3
DA:31,1
DA:33,3
DA:34,3
DA:35,3
DA:36,4
DA:37,4
DA:38,4
DA:39,4
DA:42,3
DA:45,2
DA:46,1
LF:23
LH:21
BRDA:10,0,0,0
BRDA:10,0,1,0
BRDA:16,1,0,2
BRDA:24,2,0,1
BRDA:24,3,0,3
BRDA:24,3,1,1
BRDA:30,4,0,1
BRDA:30,5,0,3
BRDA:30,5,1,1
BRDA:38,6,0,4
BRF:10
BRH:8
end_of_record
